
ROM used:   5976/11264 (53%)
            5976/11264 (53%) including unused fragments

            3.1 Average locations per line
            18.7 Average locations per statement

RAM used:   173/2048 (8%) at main() level
            233/2048 (11%) worst case

Stack used: 84 worst case (40 in main + 44 for interrupts)
Stack size: 128

Lines Stmts  %   Files
----- ----- ---  -----
  222   169  53  lcd.c
   30     0   0  lcd.h
 1169     0   0  ..\..\PICC\Devices\24FV16KM202.h
  456   100  31  ..\..\PICC\Drivers\lcd.c
   66    48  15  keypad.c
   14     2   1  uart.c
----- -----
 1957   319 Total

Page ROM  %  RAM    Vol Diff  Functions:
---- --- --- ---    --- ----  ----------
0     16   0    2             @delay_ms1
0     34   0    3             @GETCH_BIU_1
0     74   1    5    760  4.5  lcd_read_byte
0     56   0    3    262  3.7  lcd_read_nibble
0     56   0    1    399  2.4  lcd_send_nibble
0     76   1    5    415  3.7  lcd_send_byte
0    118   1    7    852  6.2  lcd_init
0     50   0    6    208  6.3  lcd_gotoxy
0     98   1    1    354  4.7  lcd_putc
0     28   0    0             @const942
0     32   0    3    223  3.2  kbd_init
0    242   2    8   1618  7.2  kbd_getc
0     40   0    0     37  1.3  isr_uart
0     40   0    0     38  1.1  isr_ext
0     24   0    1    113  1.3  lcd_display
0   1868  16   40   6764 11.5  MAIN
0     30   0    0             @const972
0     32   0    0             @const973
0     28   0    0             @const974
0     28   0    0             @const975
0    272   2    0             @MULFF64
0     94   1    0             @F64TOI64
0    148   1    0             @DIV6464B
0    418   3    0             @PRINTF_F64_960
0    386   3    0             @PRINTF_F64_115200_5712_5713
0    132   1    0             @FLT64
0    106   1    0             @SI64TOF64
0    494   4   66             @ADDFF64
0     68   1    0             @F64TO48
0     74   1    0             @F48TO64
0    264   2   66             @DIVFF64
0     20   0    0             @const1032
0     18   0    0             @const1033
 Inline         0             @cinit1

Program metrics:
    Functions               13
    Statements              319
    Comments                344
    Volume (V)              16669
    Difficulty (D)          56.4
    Effort to implement (E) 939953
    Time to implement (T)   14 hours, 30 minutes
    Est Delivered Bugs (B)  3
    Cyclomatic Complexity   48
    Maintainability (MI)    131

 Segment     Used  Free
-----------  ----  ----
00000-00002     4  0  
00004-001FE   508  0  
00200-02BFE  5464  5288  



